<?xml version="1.0" encoding="utf-8"?><testsuites name="pytest tests"><testsuite name="pytest" errors="0" failures="0" skipped="0" tests="15" time="2.899" timestamp="2026-05-18T17:21:44.798490+00:00" hostname="agent-env-251b33f0-c022-4f9b-9536-21d6c31c0e76"><testcase classname="backend.tests.test_api" name="test_get_restaurant" time="0.324" /><testcase classname="backend.tests.test_api" name="test_create_reservation_and_persist" time="0.260" /><testcase classname="backend.tests.test_api" name="test_reservation_validation_email" time="0.134" /><testcase classname="backend.tests.test_api" name="test_reservation_validation_guests_range" time="0.155" /><testcase classname="backend.tests.test_api" name="test_reservation_validation_name_min_length" time="0.146" /><testcase classname="backend.tests.test_api" name="test_create_contact" time="0.264" /><testcase classname="backend.tests.test_api" name="test_contact_validation_email" time="0.112" /><testcase classname="backend.tests.test_api" name="test_contact_validation_message_min" time="0.135" /><testcase classname="backend.tests.test_api" name="test_get_restaurant_sogno" time="0.114" /><testcase classname="backend.tests.test_api" name="test_get_restaurant_breizh_no_regression" time="0.132" /><testcase classname="backend.tests.test_api" name="test_reservation_default_restaurant_is_breizh" time="0.167" /><testcase classname="backend.tests.test_api" name="test_reservation_with_sogno_restaurant" time="0.205" /><testcase classname="backend.tests.test_api" name="test_reservation_invalid_restaurant_rejected" time="0.194" /><testcase classname="backend.tests.test_api" name="test_contact_with_sogno_restaurant" time="0.172" /><testcase classname="backend.tests.test_api" name="test_contact_invalid_restaurant_rejected" time="0.117" /></testsuite></testsuites>