<?xml version="1.0" encoding="utf-8"?><testsuites name="pytest tests"><testsuite name="pytest" errors="0" failures="0" skipped="0" tests="15" time="2.306" timestamp="2026-05-18T17:41:22.984826+00:00" hostname="agent-env-251b33f0-c022-4f9b-9536-21d6c31c0e76"><testcase classname="backend.tests.test_api" name="test_get_restaurant" time="0.206" /><testcase classname="backend.tests.test_api" name="test_create_reservation_and_persist" time="0.214" /><testcase classname="backend.tests.test_api" name="test_reservation_validation_email" time="0.096" /><testcase classname="backend.tests.test_api" name="test_reservation_validation_guests_range" time="0.125" /><testcase classname="backend.tests.test_api" name="test_reservation_validation_name_min_length" time="0.111" /><testcase classname="backend.tests.test_api" name="test_create_contact" time="0.169" /><testcase classname="backend.tests.test_api" name="test_contact_validation_email" time="0.111" /><testcase classname="backend.tests.test_api" name="test_contact_validation_message_min" time="0.128" /><testcase classname="backend.tests.test_api" name="test_get_restaurant_sogno" time="0.111" /><testcase classname="backend.tests.test_api" name="test_get_restaurant_breizh_no_regression" time="0.128" /><testcase classname="backend.tests.test_api" name="test_reservation_default_restaurant_is_breizh" time="0.151" /><testcase classname="backend.tests.test_api" name="test_reservation_with_sogno_restaurant" time="0.163" /><testcase classname="backend.tests.test_api" name="test_reservation_invalid_restaurant_rejected" time="0.131" /><testcase classname="backend.tests.test_api" name="test_contact_with_sogno_restaurant" time="0.160" /><testcase classname="backend.tests.test_api" name="test_contact_invalid_restaurant_rejected" time="0.122" /></testsuite></testsuites>